2021-03-23 11:49:58.309 - INFO - 30600 - azureml.train.automl._experiment_drivers.driver_utilities.modify_run_configuration:199 - Package azureml-train-automl missing from dependencies file.
2021-03-23 11:49:58.309 - INFO - 30600 - azureml.train.automl._experiment_drivers.driver_utilities.modify_run_configuration:205 - Using pinned version: azureml-train-automl==1.24.0.*
2021-03-23 11:49:58.310 - INFO - 30600 - azureml.train.automl._experiment_drivers.driver_utilities.modify_run_configuration:199 - Package pandas missing from dependencies file.
2021-03-23 11:49:58.310 - INFO - 30600 - azureml.train.automl._experiment_drivers.driver_utilities.modify_run_configuration:205 - Using pinned version: pandas==0.25.1
2021-03-23 11:49:58.310 - INFO - 30600 - azureml.train.automl._experiment_drivers.driver_utilities.modify_run_configuration:199 - Package psutil missing from dependencies file.
2021-03-23 11:49:58.310 - INFO - 30600 - azureml.train.automl._experiment_drivers.driver_utilities.modify_run_configuration:205 - Using pinned version: psutil>5.0.0,<6.0.0
2021-03-23 11:49:58.311 - INFO - 30600 - azureml.train.automl._experiment_drivers.driver_utilities.modify_run_configuration:199 - Package scikit-learn missing from dependencies file.
2021-03-23 11:49:58.311 - INFO - 30600 - azureml.train.automl._experiment_drivers.driver_utilities.modify_run_configuration:205 - Using pinned version: scikit-learn==0.22.1
2021-03-23 11:49:58.311 - INFO - 30600 - azureml.train.automl._experiment_drivers.driver_utilities.modify_run_configuration:199 - Package numpy missing from dependencies file.
2021-03-23 11:49:58.311 - INFO - 30600 - azureml.train.automl._experiment_drivers.driver_utilities.modify_run_configuration:205 - Using pinned version: numpy~=1.18.0
2021-03-23 11:49:58.312 - INFO - 30600 - azureml.train.automl._experiment_drivers.driver_utilities.modify_run_configuration:199 - Package py-xgboost missing from dependencies file.
2021-03-23 11:49:58.312 - INFO - 30600 - azureml.train.automl._experiment_drivers.driver_utilities.modify_run_configuration:205 - Using pinned version: py-xgboost<=0.90
2021-03-23 11:49:58.312 - INFO - 30600 - azureml.train.automl._experiment_drivers.driver_utilities.modify_run_configuration:199 - Package inference-schema missing from dependencies file.
2021-03-23 11:49:58.313 - INFO - 30600 - azureml.train.automl._experiment_drivers.driver_utilities.modify_run_configuration:199 - Package fbprophet missing from dependencies file.
2021-03-23 11:49:58.313 - INFO - 30600 - azureml.train.automl._experiment_drivers.driver_utilities.modify_run_configuration:205 - Using pinned version: fbprophet==0.5
2021-03-23 11:49:58.313 - INFO - 30600 - azureml.train.automl._experiment_drivers.driver_utilities.modify_run_configuration:199 - Package setuptools-git missing from dependencies file.
2021-03-23 11:49:58.313 - INFO - 30600 - azureml.train.automl._experiment_drivers.driver_utilities.modify_run_configuration:209 - Using installed version: setuptools-git==1.2
2021-03-23 11:49:58.341 - INFO - 30600 - azureml.train.automl._experiment_drivers.driver_utilities.validate_input:105 - Start data validation.
2021-03-23 11:50:04.428 - INFO - 30600 - azureml.train.automl._experiment_drivers.driver_utilities.validate_input:118 - Validation service found the data has no errors.
2021-03-23 11:50:04.429 - INFO - 30600 - azureml.train.automl._experiment_drivers.driver_utilities._create_remote_parent_run:371 - Start creating parent run.
2021-03-23 11:50:04.831 - INFO - 30600 - azureml.train.automl._experiment_drivers.driver_utilities._create_remote_parent_run:391 - [ParentRunID:AutoML_2ada2add-c641-416f-962c-002548ae3999] Remote run using input X and y.
2021-03-23 11:50:05.054 - INFO - 30600 - azureml.train.automl._experiment_drivers.driver_utilities._create_remote_parent_run:411 - Parent Run ID: AutoML_2ada2add-c641-416f-962c-002548ae3999
2021-03-23 11:50:05.055 - INFO - 30600 - azureml.train.automl._experiment_drivers.driver_utilities.start_remote_run:326 - Starting a snapshot run (snapshot_id : None)
2021-03-23 13:34:42.256 - INFO - 30600 - azureml.train.automl._experiment_drivers.driver_utilities.modify_run_configuration:199 - Package azureml-train-automl missing from dependencies file.
2021-03-23 13:34:42.294 - INFO - 30600 - azureml.train.automl._experiment_drivers.driver_utilities.modify_run_configuration:205 - Using pinned version: azureml-train-automl==1.24.0.*
2021-03-23 13:34:42.295 - INFO - 30600 - azureml.train.automl._experiment_drivers.driver_utilities.modify_run_configuration:199 - Package pandas missing from dependencies file.
2021-03-23 13:34:42.295 - INFO - 30600 - azureml.train.automl._experiment_drivers.driver_utilities.modify_run_configuration:205 - Using pinned version: pandas==0.25.1
2021-03-23 13:34:42.295 - INFO - 30600 - azureml.train.automl._experiment_drivers.driver_utilities.modify_run_configuration:199 - Package psutil missing from dependencies file.
2021-03-23 13:34:42.296 - INFO - 30600 - azureml.train.automl._experiment_drivers.driver_utilities.modify_run_configuration:205 - Using pinned version: psutil>5.0.0,<6.0.0
2021-03-23 13:34:42.296 - INFO - 30600 - azureml.train.automl._experiment_drivers.driver_utilities.modify_run_configuration:199 - Package scikit-learn missing from dependencies file.
2021-03-23 13:34:42.296 - INFO - 30600 - azureml.train.automl._experiment_drivers.driver_utilities.modify_run_configuration:205 - Using pinned version: scikit-learn==0.22.1
2021-03-23 13:34:42.296 - INFO - 30600 - azureml.train.automl._experiment_drivers.driver_utilities.modify_run_configuration:199 - Package numpy missing from dependencies file.
2021-03-23 13:34:42.296 - INFO - 30600 - azureml.train.automl._experiment_drivers.driver_utilities.modify_run_configuration:205 - Using pinned version: numpy~=1.18.0
2021-03-23 13:34:42.297 - INFO - 30600 - azureml.train.automl._experiment_drivers.driver_utilities.modify_run_configuration:199 - Package py-xgboost missing from dependencies file.
2021-03-23 13:34:42.297 - INFO - 30600 - azureml.train.automl._experiment_drivers.driver_utilities.modify_run_configuration:205 - Using pinned version: py-xgboost<=0.90
2021-03-23 13:34:42.297 - INFO - 30600 - azureml.train.automl._experiment_drivers.driver_utilities.modify_run_configuration:199 - Package inference-schema missing from dependencies file.
2021-03-23 13:34:42.298 - INFO - 30600 - azureml.train.automl._experiment_drivers.driver_utilities.modify_run_configuration:199 - Package fbprophet missing from dependencies file.
2021-03-23 13:34:42.298 - INFO - 30600 - azureml.train.automl._experiment_drivers.driver_utilities.modify_run_configuration:205 - Using pinned version: fbprophet==0.5
2021-03-23 13:34:42.298 - INFO - 30600 - azureml.train.automl._experiment_drivers.driver_utilities.modify_run_configuration:199 - Package setuptools-git missing from dependencies file.
2021-03-23 13:34:42.299 - INFO - 30600 - azureml.train.automl._experiment_drivers.driver_utilities.modify_run_configuration:209 - Using installed version: setuptools-git==1.2
2021-03-23 13:34:42.334 - INFO - 30600 - azureml.train.automl._experiment_drivers.driver_utilities.validate_input:105 - Start data validation.
2021-03-23 13:34:51.009 - CRITICAL - 30600 - azureml.train.automl._experiment_drivers.driver_utilities.log_traceback:224 - Type: ExecutionFailure
Class: ValidationException
Message: ValidationException:
	Message: Failed to execute the requested operation: data/settings validation. Error details: Validation error(s): [{
    "additional_properties": {
        "debugInfo": null
    },
    "code": "UserError",
    "severity": 2,
    "message": "Y is empty",
    "message_format": "{dataName} is empty",
    "message_parameters": {
        "dataName": "Y"
    },
    "reference_code": null,
    "details_uri": null,
    "target": "training_data",
    "details": [
        {
            "additional_properties": {
                "debugInfo": null
            },
            "code": null,
            "severity": null,
            "message": "null",
            "message_format": null,
            "message_parameters": {},
            "reference_code": null,
            "details_uri": null,
            "target": null,
            "details": [],
            "inner_error": null
        }
    ],
    "inner_error": {
        "additional_properties": {},
        "code": "BadData",
        "inner_error": {
            "additional_properties": {},
            "code": "EmptyData",
            "inner_error": null
        }
    }
}]
	InnerException: None
	ErrorResponse 
{
    "error": {
        "code": "UserError",
        "message": "Failed to execute the requested operation: data/settings validation. Error details: Validation error(s): [{\n    \"additional_properties\": {\n        \"debugInfo\": null\n    },\n    \"code\": \"UserError\",\n    \"severity\": 2,\n    \"message\": \"Y is empty\",\n    \"message_format\": \"{dataName} is empty\",\n    \"message_parameters\": {\n        \"dataName\": \"Y\"\n    },\n    \"reference_code\": null,\n    \"details_uri\": null,\n    \"target\": \"training_data\",\n    \"details\": [\n        {\n            \"additional_properties\": {\n                \"debugInfo\": null\n            },\n            \"code\": null,\n            \"severity\": null,\n            \"message\": \"null\",\n            \"message_format\": null,\n            \"message_parameters\": {},\n            \"reference_code\": null,\n            \"details_uri\": null,\n            \"target\": null,\n            \"details\": [],\n            \"inner_error\": null\n        }\n    ],\n    \"inner_error\": {\n        \"additional_properties\": {},\n        \"code\": \"BadData\",\n        \"inner_error\": {\n            \"additional_properties\": {},\n            \"code\": \"EmptyData\",\n            \"inner_error\": null\n        }\n    }\n}]",
        "inner_error": {
            "code": "ExecutionFailure"
        }
    }
}
Traceback:
  File "experiment_driver.py", line 213, in start
    kwargs=kwargs
  File "remote_experiment_launcher.py", line 79, in start
    validation_data=validation_data, test_data=test_data)
  File "driver_utilities.py", line 310, in start_remote_run
    training_data=training_data, validation_data=validation_data, test_data=test_data)
  File "driver_utilities.py", line 367, in _create_remote_parent_run
    test_data=test_data,
  File "driver_utilities.py", line 99, in create_and_validate_parent_run_dto
    validate_input(experiment_state, parent_run_dto)
  File "driver_utilities.py", line 138, in validate_input
    ExecutionFailure, operation_name="data/settings validation", error_details=msg)

ExceptionTarget: Unspecified
2021-03-23 13:34:51.009 - INFO - 30600 - azureml.train.automl._experiment_drivers.driver_utilities.fail_parent_run:245 - No parent run to fail
2021-03-23 18:46:33.575 - INFO - 19448 - azureml.train.automl._experiment_drivers.driver_utilities.modify_run_configuration:199 - Package azureml-train-automl missing from dependencies file.
2021-03-23 18:46:33.598 - INFO - 19448 - azureml.train.automl._experiment_drivers.driver_utilities.modify_run_configuration:205 - Using pinned version: azureml-train-automl==1.24.0.*
2021-03-23 18:46:33.638 - INFO - 19448 - azureml.train.automl._experiment_drivers.driver_utilities.modify_run_configuration:199 - Package pandas missing from dependencies file.
2021-03-23 18:46:33.644 - INFO - 19448 - azureml.train.automl._experiment_drivers.driver_utilities.modify_run_configuration:205 - Using pinned version: pandas==0.25.1
2021-03-23 18:46:33.650 - INFO - 19448 - azureml.train.automl._experiment_drivers.driver_utilities.modify_run_configuration:199 - Package psutil missing from dependencies file.
2021-03-23 18:46:33.665 - INFO - 19448 - azureml.train.automl._experiment_drivers.driver_utilities.modify_run_configuration:205 - Using pinned version: psutil>5.0.0,<6.0.0
2021-03-23 18:46:33.671 - INFO - 19448 - azureml.train.automl._experiment_drivers.driver_utilities.modify_run_configuration:199 - Package scikit-learn missing from dependencies file.
2021-03-23 18:46:33.677 - INFO - 19448 - azureml.train.automl._experiment_drivers.driver_utilities.modify_run_configuration:205 - Using pinned version: scikit-learn==0.22.1
2021-03-23 18:46:33.683 - INFO - 19448 - azureml.train.automl._experiment_drivers.driver_utilities.modify_run_configuration:199 - Package numpy missing from dependencies file.
2021-03-23 18:46:33.690 - INFO - 19448 - azureml.train.automl._experiment_drivers.driver_utilities.modify_run_configuration:205 - Using pinned version: numpy~=1.18.0
2021-03-23 18:46:33.690 - INFO - 19448 - azureml.train.automl._experiment_drivers.driver_utilities.modify_run_configuration:199 - Package py-xgboost missing from dependencies file.
2021-03-23 18:46:33.691 - INFO - 19448 - azureml.train.automl._experiment_drivers.driver_utilities.modify_run_configuration:205 - Using pinned version: py-xgboost<=0.90
2021-03-23 18:46:33.691 - INFO - 19448 - azureml.train.automl._experiment_drivers.driver_utilities.modify_run_configuration:199 - Package inference-schema missing from dependencies file.
2021-03-23 18:46:33.692 - INFO - 19448 - azureml.train.automl._experiment_drivers.driver_utilities.modify_run_configuration:199 - Package fbprophet missing from dependencies file.
2021-03-23 18:46:33.692 - INFO - 19448 - azureml.train.automl._experiment_drivers.driver_utilities.modify_run_configuration:205 - Using pinned version: fbprophet==0.5
2021-03-23 18:46:33.692 - INFO - 19448 - azureml.train.automl._experiment_drivers.driver_utilities.modify_run_configuration:199 - Package setuptools-git missing from dependencies file.
2021-03-23 18:46:33.692 - INFO - 19448 - azureml.train.automl._experiment_drivers.driver_utilities.modify_run_configuration:209 - Using installed version: setuptools-git==1.2
2021-03-23 18:46:33.714 - INFO - 19448 - azureml.train.automl._experiment_drivers.driver_utilities.validate_input:105 - Start data validation.
2021-03-23 18:46:39.632 - INFO - 19448 - azureml.train.automl._experiment_drivers.driver_utilities.validate_input:118 - Validation service found the data has no errors.
2021-03-23 18:46:39.634 - INFO - 19448 - azureml.train.automl._experiment_drivers.driver_utilities._create_remote_parent_run:371 - Start creating parent run.
2021-03-23 18:46:40.702 - INFO - 19448 - azureml.train.automl._experiment_drivers.driver_utilities._create_remote_parent_run:391 - [ParentRunID:AutoML_fb268cdc-cead-443f-8d41-63f994262e0c] Remote run using input X and y.
2021-03-23 18:46:40.881 - INFO - 19448 - azureml.train.automl._experiment_drivers.driver_utilities._create_remote_parent_run:411 - Parent Run ID: AutoML_fb268cdc-cead-443f-8d41-63f994262e0c
2021-03-23 18:46:40.882 - INFO - 19448 - azureml.train.automl._experiment_drivers.driver_utilities.start_remote_run:326 - Starting a snapshot run (snapshot_id : None)
2021-03-26 10:39:26.490 - INFO - 29166 - azureml.train.automl._experiment_drivers.driver_utilities.modify_run_configuration:199 - Package azureml-train-automl missing from dependencies file.
2021-03-26 10:39:26.497 - INFO - 29166 - azureml.train.automl._experiment_drivers.driver_utilities.modify_run_configuration:205 - Using pinned version: azureml-train-automl==1.24.0.*
2021-03-26 10:39:26.506 - INFO - 29166 - azureml.train.automl._experiment_drivers.driver_utilities.modify_run_configuration:199 - Package pandas missing from dependencies file.
2021-03-26 10:39:26.531 - INFO - 29166 - azureml.train.automl._experiment_drivers.driver_utilities.modify_run_configuration:205 - Using pinned version: pandas==0.25.1
2021-03-26 10:39:26.539 - INFO - 29166 - azureml.train.automl._experiment_drivers.driver_utilities.modify_run_configuration:199 - Package psutil missing from dependencies file.
2021-03-26 10:39:26.550 - INFO - 29166 - azureml.train.automl._experiment_drivers.driver_utilities.modify_run_configuration:205 - Using pinned version: psutil>5.0.0,<6.0.0
2021-03-26 10:39:26.556 - INFO - 29166 - azureml.train.automl._experiment_drivers.driver_utilities.modify_run_configuration:199 - Package scikit-learn missing from dependencies file.
2021-03-26 10:39:26.561 - INFO - 29166 - azureml.train.automl._experiment_drivers.driver_utilities.modify_run_configuration:205 - Using pinned version: scikit-learn==0.22.1
2021-03-26 10:39:26.567 - INFO - 29166 - azureml.train.automl._experiment_drivers.driver_utilities.modify_run_configuration:199 - Package numpy missing from dependencies file.
2021-03-26 10:39:26.572 - INFO - 29166 - azureml.train.automl._experiment_drivers.driver_utilities.modify_run_configuration:205 - Using pinned version: numpy~=1.18.0
2021-03-26 10:39:26.572 - INFO - 29166 - azureml.train.automl._experiment_drivers.driver_utilities.modify_run_configuration:199 - Package py-xgboost missing from dependencies file.
2021-03-26 10:39:26.573 - INFO - 29166 - azureml.train.automl._experiment_drivers.driver_utilities.modify_run_configuration:205 - Using pinned version: py-xgboost<=0.90
2021-03-26 10:39:26.573 - INFO - 29166 - azureml.train.automl._experiment_drivers.driver_utilities.modify_run_configuration:199 - Package inference-schema missing from dependencies file.
2021-03-26 10:39:26.573 - INFO - 29166 - azureml.train.automl._experiment_drivers.driver_utilities.modify_run_configuration:199 - Package fbprophet missing from dependencies file.
2021-03-26 10:39:26.573 - INFO - 29166 - azureml.train.automl._experiment_drivers.driver_utilities.modify_run_configuration:205 - Using pinned version: fbprophet==0.5
2021-03-26 10:39:26.574 - INFO - 29166 - azureml.train.automl._experiment_drivers.driver_utilities.modify_run_configuration:199 - Package setuptools-git missing from dependencies file.
2021-03-26 10:39:26.574 - INFO - 29166 - azureml.train.automl._experiment_drivers.driver_utilities.modify_run_configuration:209 - Using installed version: setuptools-git==1.2
2021-03-26 10:39:26.594 - INFO - 29166 - azureml.train.automl._experiment_drivers.driver_utilities.validate_input:105 - Start data validation.
2021-03-26 10:39:33.043 - INFO - 29166 - azureml.train.automl._experiment_drivers.driver_utilities.validate_input:118 - Validation service found the data has no errors.
2021-03-26 10:39:33.044 - INFO - 29166 - azureml.train.automl._experiment_drivers.driver_utilities._create_remote_parent_run:371 - Start creating parent run.
2021-03-26 10:39:33.447 - INFO - 29166 - azureml.train.automl._experiment_drivers.driver_utilities._create_remote_parent_run:391 - [ParentRunID:AutoML_f7e86806-4adf-4e2b-a1a3-75b0abdb0161] Remote run using input X and y.
2021-03-26 10:39:33.630 - INFO - 29166 - azureml.train.automl._experiment_drivers.driver_utilities._create_remote_parent_run:411 - Parent Run ID: AutoML_f7e86806-4adf-4e2b-a1a3-75b0abdb0161
2021-03-26 10:39:33.631 - INFO - 29166 - azureml.train.automl._experiment_drivers.driver_utilities.start_remote_run:326 - Starting a snapshot run (snapshot_id : None)
2021-03-26 10:55:26.366 - CRITICAL - 29166 - azureml.train.automl._experiment_drivers.remote_experiment_launcher.log_traceback:224 - Type: System
Class: SystemException
Message: SystemException:
	Message: Key "ProblemInfoJsonString" missing from setup run properties
	InnerException: None
	ErrorResponse 
{
    "error": {
        "code": "System",
        "message": "Key \"ProblemInfoJsonString\" missing from setup run properties"
    }
}
Traceback:
  File "_remote_console_interface.py", line 370, in _show_output
    remote_printer.print_scores(current_run, primary_metric)
  File "_remote_console_interface.py", line 96, in print_scores
    if not self._init_console_interface(parent_run):
  File "_remote_console_interface.py", line 74, in _init_console_interface
    _constants_azureml.Properties.PROBLEM_INFO))

ExceptionTarget: Unspecified
2021-03-26 10:57:26.582 - INFO - 29166 - azureml.train.automl._experiment_drivers.driver_utilities.modify_run_configuration:199 - Package azureml-train-automl missing from dependencies file.
2021-03-26 10:57:26.589 - INFO - 29166 - azureml.train.automl._experiment_drivers.driver_utilities.modify_run_configuration:205 - Using pinned version: azureml-train-automl==1.24.0.*
2021-03-26 10:57:26.595 - INFO - 29166 - azureml.train.automl._experiment_drivers.driver_utilities.modify_run_configuration:199 - Package pandas missing from dependencies file.
2021-03-26 10:57:26.604 - INFO - 29166 - azureml.train.automl._experiment_drivers.driver_utilities.modify_run_configuration:205 - Using pinned version: pandas==0.25.1
2021-03-26 10:57:26.616 - INFO - 29166 - azureml.train.automl._experiment_drivers.driver_utilities.modify_run_configuration:199 - Package psutil missing from dependencies file.
2021-03-26 10:57:26.616 - INFO - 29166 - azureml.train.automl._experiment_drivers.driver_utilities.modify_run_configuration:205 - Using pinned version: psutil>5.0.0,<6.0.0
2021-03-26 10:57:26.616 - INFO - 29166 - azureml.train.automl._experiment_drivers.driver_utilities.modify_run_configuration:199 - Package scikit-learn missing from dependencies file.
2021-03-26 10:57:26.617 - INFO - 29166 - azureml.train.automl._experiment_drivers.driver_utilities.modify_run_configuration:205 - Using pinned version: scikit-learn==0.22.1
2021-03-26 10:57:26.617 - INFO - 29166 - azureml.train.automl._experiment_drivers.driver_utilities.modify_run_configuration:199 - Package numpy missing from dependencies file.
2021-03-26 10:57:26.617 - INFO - 29166 - azureml.train.automl._experiment_drivers.driver_utilities.modify_run_configuration:205 - Using pinned version: numpy~=1.18.0
2021-03-26 10:57:26.617 - INFO - 29166 - azureml.train.automl._experiment_drivers.driver_utilities.modify_run_configuration:199 - Package py-xgboost missing from dependencies file.
2021-03-26 10:57:26.617 - INFO - 29166 - azureml.train.automl._experiment_drivers.driver_utilities.modify_run_configuration:205 - Using pinned version: py-xgboost<=0.90
2021-03-26 10:57:26.617 - INFO - 29166 - azureml.train.automl._experiment_drivers.driver_utilities.modify_run_configuration:199 - Package inference-schema missing from dependencies file.
2021-03-26 10:57:26.618 - INFO - 29166 - azureml.train.automl._experiment_drivers.driver_utilities.modify_run_configuration:199 - Package fbprophet missing from dependencies file.
2021-03-26 10:57:26.618 - INFO - 29166 - azureml.train.automl._experiment_drivers.driver_utilities.modify_run_configuration:205 - Using pinned version: fbprophet==0.5
2021-03-26 10:57:26.618 - INFO - 29166 - azureml.train.automl._experiment_drivers.driver_utilities.modify_run_configuration:199 - Package setuptools-git missing from dependencies file.
2021-03-26 10:57:26.618 - INFO - 29166 - azureml.train.automl._experiment_drivers.driver_utilities.modify_run_configuration:209 - Using installed version: setuptools-git==1.2
2021-03-26 10:57:26.637 - INFO - 29166 - azureml.train.automl._experiment_drivers.driver_utilities.validate_input:105 - Start data validation.
2021-03-26 10:57:31.445 - INFO - 29166 - azureml.train.automl._experiment_drivers.driver_utilities.validate_input:118 - Validation service found the data has no errors.
2021-03-26 10:57:31.446 - INFO - 29166 - azureml.train.automl._experiment_drivers.driver_utilities._create_remote_parent_run:371 - Start creating parent run.
2021-03-26 10:57:31.753 - INFO - 29166 - azureml.train.automl._experiment_drivers.driver_utilities._create_remote_parent_run:391 - [ParentRunID:AutoML_0b56381f-8324-441d-9ec1-70a3631b7e20] Remote run using input X and y.
2021-03-26 10:57:31.842 - INFO - 29166 - azureml.train.automl._experiment_drivers.driver_utilities._create_remote_parent_run:411 - Parent Run ID: AutoML_0b56381f-8324-441d-9ec1-70a3631b7e20
2021-03-26 10:57:31.842 - INFO - 29166 - azureml.train.automl._experiment_drivers.driver_utilities.start_remote_run:326 - Starting a snapshot run (snapshot_id : None)
2021-03-26 11:58:24.524 - INFO - 5591 - azureml.train.automl._experiment_drivers.driver_utilities.modify_run_configuration:199 - Package azureml-train-automl missing from dependencies file.
2021-03-26 11:58:24.524 - INFO - 5591 - azureml.train.automl._experiment_drivers.driver_utilities.modify_run_configuration:205 - Using pinned version: azureml-train-automl==1.22.0.*
2021-03-26 11:58:24.524 - INFO - 5591 - azureml.train.automl._experiment_drivers.driver_utilities.modify_run_configuration:199 - Package pandas missing from dependencies file.
2021-03-26 11:58:24.524 - INFO - 5591 - azureml.train.automl._experiment_drivers.driver_utilities.modify_run_configuration:205 - Using pinned version: pandas==0.25.1
2021-03-26 11:58:24.525 - INFO - 5591 - azureml.train.automl._experiment_drivers.driver_utilities.modify_run_configuration:199 - Package psutil missing from dependencies file.
2021-03-26 11:58:24.525 - INFO - 5591 - azureml.train.automl._experiment_drivers.driver_utilities.modify_run_configuration:205 - Using pinned version: psutil>5.0.0,<6.0.0
2021-03-26 11:58:24.525 - INFO - 5591 - azureml.train.automl._experiment_drivers.driver_utilities.modify_run_configuration:199 - Package scikit-learn missing from dependencies file.
2021-03-26 11:58:24.525 - INFO - 5591 - azureml.train.automl._experiment_drivers.driver_utilities.modify_run_configuration:205 - Using pinned version: scikit-learn==0.22.1
2021-03-26 11:58:24.525 - INFO - 5591 - azureml.train.automl._experiment_drivers.driver_utilities.modify_run_configuration:199 - Package numpy missing from dependencies file.
2021-03-26 11:58:24.526 - INFO - 5591 - azureml.train.automl._experiment_drivers.driver_utilities.modify_run_configuration:205 - Using pinned version: numpy~=1.18.0
2021-03-26 11:58:24.526 - INFO - 5591 - azureml.train.automl._experiment_drivers.driver_utilities.modify_run_configuration:199 - Package py-xgboost missing from dependencies file.
2021-03-26 11:58:24.526 - INFO - 5591 - azureml.train.automl._experiment_drivers.driver_utilities.modify_run_configuration:205 - Using pinned version: py-xgboost<=0.90
2021-03-26 11:58:24.526 - INFO - 5591 - azureml.train.automl._experiment_drivers.driver_utilities.modify_run_configuration:199 - Package inference-schema missing from dependencies file.
2021-03-26 11:58:24.526 - INFO - 5591 - azureml.train.automl._experiment_drivers.driver_utilities.modify_run_configuration:199 - Package fbprophet missing from dependencies file.
2021-03-26 11:58:24.526 - INFO - 5591 - azureml.train.automl._experiment_drivers.driver_utilities.modify_run_configuration:205 - Using pinned version: fbprophet==0.5
2021-03-26 11:58:24.527 - INFO - 5591 - azureml.train.automl._experiment_drivers.driver_utilities.modify_run_configuration:199 - Package setuptools-git missing from dependencies file.
2021-03-26 11:58:24.527 - INFO - 5591 - azureml.train.automl._experiment_drivers.driver_utilities.modify_run_configuration:209 - Using installed version: setuptools-git==1.2
2021-03-26 11:58:24.549 - INFO - 5591 - azureml.train.automl._experiment_drivers.driver_utilities.validate_input:105 - Start data validation.
2021-03-26 11:58:30.532 - INFO - 5591 - azureml.train.automl._experiment_drivers.driver_utilities.validate_input:118 - Validation service found the data has no errors.
2021-03-26 11:58:30.532 - INFO - 5591 - azureml.train.automl._experiment_drivers.driver_utilities._create_remote_parent_run:377 - Start creating parent run.
2021-03-26 11:58:30.819 - INFO - 5591 - azureml.train.automl._experiment_drivers.driver_utilities._create_remote_parent_run:396 - [ParentRunID:AutoML_49ff6d39-072d-40a0-8c1e-afd7b6e189cc] Remote run using input X and y.
2021-03-26 11:58:31.201 - INFO - 5591 - azureml.train.automl._experiment_drivers.driver_utilities._create_remote_parent_run:416 - Parent Run ID: AutoML_49ff6d39-072d-40a0-8c1e-afd7b6e189cc
2021-03-26 11:58:31.202 - INFO - 5591 - azureml.train.automl._experiment_drivers.driver_utilities.start_remote_run:332 - Starting a snapshot run (snapshot_id : None)
2021-03-26 12:10:03.530 - CRITICAL - 5591 - azureml.train.automl._experiment_drivers.remote_experiment_launcher.log_traceback:224 - Type: System
Class: SystemException
Message: SystemException:
	Message: Key "ProblemInfoJsonString" missing from setup run properties
	InnerException: None
	ErrorResponse 
{
    "error": {
        "code": "System",
        "message": "Key \"ProblemInfoJsonString\" missing from setup run properties"
    }
}
Traceback:
  File "_remote_console_interface.py", line 370, in _show_output
    remote_printer.print_scores(current_run, primary_metric)
  File "_remote_console_interface.py", line 96, in print_scores
    if not self._init_console_interface(parent_run):
  File "_remote_console_interface.py", line 74, in _init_console_interface
    _constants_azureml.Properties.PROBLEM_INFO))

ExceptionTarget: Unspecified
2021-03-26 12:20:04.107 - INFO - 18856 - azureml.train.automl._experiment_drivers.driver_utilities.modify_run_configuration:199 - Package azureml-train-automl missing from dependencies file.
2021-03-26 12:20:04.107 - INFO - 18856 - azureml.train.automl._experiment_drivers.driver_utilities.modify_run_configuration:205 - Using pinned version: azureml-train-automl==1.22.0.*
2021-03-26 12:20:04.107 - INFO - 18856 - azureml.train.automl._experiment_drivers.driver_utilities.modify_run_configuration:199 - Package pandas missing from dependencies file.
2021-03-26 12:20:04.107 - INFO - 18856 - azureml.train.automl._experiment_drivers.driver_utilities.modify_run_configuration:205 - Using pinned version: pandas==0.25.1
2021-03-26 12:20:04.108 - INFO - 18856 - azureml.train.automl._experiment_drivers.driver_utilities.modify_run_configuration:199 - Package psutil missing from dependencies file.
2021-03-26 12:20:04.108 - INFO - 18856 - azureml.train.automl._experiment_drivers.driver_utilities.modify_run_configuration:205 - Using pinned version: psutil>5.0.0,<6.0.0
2021-03-26 12:20:04.108 - INFO - 18856 - azureml.train.automl._experiment_drivers.driver_utilities.modify_run_configuration:199 - Package scikit-learn missing from dependencies file.
2021-03-26 12:20:04.108 - INFO - 18856 - azureml.train.automl._experiment_drivers.driver_utilities.modify_run_configuration:205 - Using pinned version: scikit-learn==0.22.1
2021-03-26 12:20:04.108 - INFO - 18856 - azureml.train.automl._experiment_drivers.driver_utilities.modify_run_configuration:199 - Package numpy missing from dependencies file.
2021-03-26 12:20:04.108 - INFO - 18856 - azureml.train.automl._experiment_drivers.driver_utilities.modify_run_configuration:205 - Using pinned version: numpy~=1.18.0
2021-03-26 12:20:04.108 - INFO - 18856 - azureml.train.automl._experiment_drivers.driver_utilities.modify_run_configuration:199 - Package py-xgboost missing from dependencies file.
2021-03-26 12:20:04.109 - INFO - 18856 - azureml.train.automl._experiment_drivers.driver_utilities.modify_run_configuration:205 - Using pinned version: py-xgboost<=0.90
2021-03-26 12:20:04.109 - INFO - 18856 - azureml.train.automl._experiment_drivers.driver_utilities.modify_run_configuration:199 - Package inference-schema missing from dependencies file.
2021-03-26 12:20:04.109 - INFO - 18856 - azureml.train.automl._experiment_drivers.driver_utilities.modify_run_configuration:199 - Package fbprophet missing from dependencies file.
2021-03-26 12:20:04.109 - INFO - 18856 - azureml.train.automl._experiment_drivers.driver_utilities.modify_run_configuration:205 - Using pinned version: fbprophet==0.5
2021-03-26 12:20:04.109 - INFO - 18856 - azureml.train.automl._experiment_drivers.driver_utilities.modify_run_configuration:199 - Package setuptools-git missing from dependencies file.
2021-03-26 12:20:04.109 - INFO - 18856 - azureml.train.automl._experiment_drivers.driver_utilities.modify_run_configuration:209 - Using installed version: setuptools-git==1.2
2021-03-26 12:20:04.129 - INFO - 18856 - azureml.train.automl._experiment_drivers.driver_utilities.validate_input:105 - Start data validation.
2021-03-26 12:20:08.868 - INFO - 18856 - azureml.train.automl._experiment_drivers.driver_utilities.validate_input:118 - Validation service found the data has no errors.
2021-03-26 12:20:08.868 - INFO - 18856 - azureml.train.automl._experiment_drivers.driver_utilities._create_remote_parent_run:377 - Start creating parent run.
2021-03-26 12:20:09.180 - INFO - 18856 - azureml.train.automl._experiment_drivers.driver_utilities._create_remote_parent_run:396 - [ParentRunID:AutoML_0c510c25-2298-49ea-9225-c838313124cd] Remote run using input X and y.
2021-03-26 12:20:09.351 - INFO - 18856 - azureml.train.automl._experiment_drivers.driver_utilities._create_remote_parent_run:416 - Parent Run ID: AutoML_0c510c25-2298-49ea-9225-c838313124cd
2021-03-26 12:20:09.353 - INFO - 18856 - azureml.train.automl._experiment_drivers.driver_utilities.start_remote_run:332 - Starting a snapshot run (snapshot_id : None)
2021-03-26 12:46:48.328 - INFO - 21913 - azureml.train.automl._experiment_drivers.driver_utilities.modify_run_configuration:199 - Package azureml-train-automl missing from dependencies file.
2021-03-26 12:46:48.329 - INFO - 21913 - azureml.train.automl._experiment_drivers.driver_utilities.modify_run_configuration:205 - Using pinned version: azureml-train-automl==1.22.0.*
2021-03-26 12:46:48.329 - INFO - 21913 - azureml.train.automl._experiment_drivers.driver_utilities.modify_run_configuration:199 - Package pandas missing from dependencies file.
2021-03-26 12:46:48.329 - INFO - 21913 - azureml.train.automl._experiment_drivers.driver_utilities.modify_run_configuration:205 - Using pinned version: pandas==0.25.1
2021-03-26 12:46:48.329 - INFO - 21913 - azureml.train.automl._experiment_drivers.driver_utilities.modify_run_configuration:199 - Package psutil missing from dependencies file.
2021-03-26 12:46:48.330 - INFO - 21913 - azureml.train.automl._experiment_drivers.driver_utilities.modify_run_configuration:205 - Using pinned version: psutil>5.0.0,<6.0.0
2021-03-26 12:46:48.330 - INFO - 21913 - azureml.train.automl._experiment_drivers.driver_utilities.modify_run_configuration:199 - Package scikit-learn missing from dependencies file.
2021-03-26 12:46:48.330 - INFO - 21913 - azureml.train.automl._experiment_drivers.driver_utilities.modify_run_configuration:205 - Using pinned version: scikit-learn==0.22.1
2021-03-26 12:46:48.330 - INFO - 21913 - azureml.train.automl._experiment_drivers.driver_utilities.modify_run_configuration:199 - Package numpy missing from dependencies file.
2021-03-26 12:46:48.330 - INFO - 21913 - azureml.train.automl._experiment_drivers.driver_utilities.modify_run_configuration:205 - Using pinned version: numpy~=1.18.0
2021-03-26 12:46:48.330 - INFO - 21913 - azureml.train.automl._experiment_drivers.driver_utilities.modify_run_configuration:199 - Package py-xgboost missing from dependencies file.
2021-03-26 12:46:48.330 - INFO - 21913 - azureml.train.automl._experiment_drivers.driver_utilities.modify_run_configuration:205 - Using pinned version: py-xgboost<=0.90
2021-03-26 12:46:48.330 - INFO - 21913 - azureml.train.automl._experiment_drivers.driver_utilities.modify_run_configuration:199 - Package inference-schema missing from dependencies file.
2021-03-26 12:46:48.331 - INFO - 21913 - azureml.train.automl._experiment_drivers.driver_utilities.modify_run_configuration:199 - Package fbprophet missing from dependencies file.
2021-03-26 12:46:48.331 - INFO - 21913 - azureml.train.automl._experiment_drivers.driver_utilities.modify_run_configuration:205 - Using pinned version: fbprophet==0.5
2021-03-26 12:46:48.331 - INFO - 21913 - azureml.train.automl._experiment_drivers.driver_utilities.modify_run_configuration:199 - Package setuptools-git missing from dependencies file.
2021-03-26 12:46:48.331 - INFO - 21913 - azureml.train.automl._experiment_drivers.driver_utilities.modify_run_configuration:209 - Using installed version: setuptools-git==1.2
2021-03-26 12:46:48.353 - INFO - 21913 - azureml.train.automl._experiment_drivers.driver_utilities.validate_input:105 - Start data validation.
2021-03-26 12:46:55.269 - INFO - 21913 - azureml.train.automl._experiment_drivers.driver_utilities.validate_input:118 - Validation service found the data has no errors.
2021-03-26 12:46:55.270 - INFO - 21913 - azureml.train.automl._experiment_drivers.driver_utilities._create_remote_parent_run:377 - Start creating parent run.
2021-03-26 12:46:55.645 - INFO - 21913 - azureml.train.automl._experiment_drivers.driver_utilities._create_remote_parent_run:396 - [ParentRunID:AutoML_b08a5e11-bf33-4714-96a8-91aa9afedc05] Remote run using input X and y.
2021-03-26 12:46:55.880 - INFO - 21913 - azureml.train.automl._experiment_drivers.driver_utilities._create_remote_parent_run:416 - Parent Run ID: AutoML_b08a5e11-bf33-4714-96a8-91aa9afedc05
2021-03-26 12:46:55.881 - INFO - 21913 - azureml.train.automl._experiment_drivers.driver_utilities.start_remote_run:332 - Starting a snapshot run (snapshot_id : None)
2021-03-26 21:53:04.724 - INFO - 23449 - azureml.train.automl._experiment_drivers.driver_utilities.modify_run_configuration:199 - Package azureml-train-automl missing from dependencies file.
2021-03-26 21:53:04.725 - INFO - 23449 - azureml.train.automl._experiment_drivers.driver_utilities.modify_run_configuration:205 - Using pinned version: azureml-train-automl==1.22.0.*
2021-03-26 21:53:04.725 - INFO - 23449 - azureml.train.automl._experiment_drivers.driver_utilities.modify_run_configuration:199 - Package pandas missing from dependencies file.
2021-03-26 21:53:04.726 - INFO - 23449 - azureml.train.automl._experiment_drivers.driver_utilities.modify_run_configuration:205 - Using pinned version: pandas==0.25.1
2021-03-26 21:53:04.726 - INFO - 23449 - azureml.train.automl._experiment_drivers.driver_utilities.modify_run_configuration:199 - Package psutil missing from dependencies file.
2021-03-26 21:53:04.726 - INFO - 23449 - azureml.train.automl._experiment_drivers.driver_utilities.modify_run_configuration:205 - Using pinned version: psutil>5.0.0,<6.0.0
2021-03-26 21:53:04.726 - INFO - 23449 - azureml.train.automl._experiment_drivers.driver_utilities.modify_run_configuration:199 - Package scikit-learn missing from dependencies file.
2021-03-26 21:53:04.726 - INFO - 23449 - azureml.train.automl._experiment_drivers.driver_utilities.modify_run_configuration:205 - Using pinned version: scikit-learn==0.22.1
2021-03-26 21:53:04.726 - INFO - 23449 - azureml.train.automl._experiment_drivers.driver_utilities.modify_run_configuration:199 - Package numpy missing from dependencies file.
2021-03-26 21:53:04.727 - INFO - 23449 - azureml.train.automl._experiment_drivers.driver_utilities.modify_run_configuration:205 - Using pinned version: numpy~=1.18.0
2021-03-26 21:53:04.727 - INFO - 23449 - azureml.train.automl._experiment_drivers.driver_utilities.modify_run_configuration:199 - Package py-xgboost missing from dependencies file.
2021-03-26 21:53:04.727 - INFO - 23449 - azureml.train.automl._experiment_drivers.driver_utilities.modify_run_configuration:205 - Using pinned version: py-xgboost<=0.90
2021-03-26 21:53:04.727 - INFO - 23449 - azureml.train.automl._experiment_drivers.driver_utilities.modify_run_configuration:199 - Package inference-schema missing from dependencies file.
2021-03-26 21:53:04.727 - INFO - 23449 - azureml.train.automl._experiment_drivers.driver_utilities.modify_run_configuration:199 - Package fbprophet missing from dependencies file.
2021-03-26 21:53:04.727 - INFO - 23449 - azureml.train.automl._experiment_drivers.driver_utilities.modify_run_configuration:205 - Using pinned version: fbprophet==0.5
2021-03-26 21:53:04.727 - INFO - 23449 - azureml.train.automl._experiment_drivers.driver_utilities.modify_run_configuration:199 - Package setuptools-git missing from dependencies file.
2021-03-26 21:53:04.727 - INFO - 23449 - azureml.train.automl._experiment_drivers.driver_utilities.modify_run_configuration:209 - Using installed version: setuptools-git==1.2
2021-03-26 21:53:04.748 - INFO - 23449 - azureml.train.automl._experiment_drivers.driver_utilities.validate_input:105 - Start data validation.
2021-03-26 21:53:09.551 - INFO - 23449 - azureml.train.automl._experiment_drivers.driver_utilities.validate_input:118 - Validation service found the data has no errors.
2021-03-26 21:53:09.552 - INFO - 23449 - azureml.train.automl._experiment_drivers.driver_utilities._create_remote_parent_run:377 - Start creating parent run.
2021-03-26 21:53:09.837 - INFO - 23449 - azureml.train.automl._experiment_drivers.driver_utilities._create_remote_parent_run:396 - [ParentRunID:AutoML_24c154d4-6295-4f91-861d-28b07fe9b979] Remote run using input X and y.
2021-03-26 21:53:10.023 - INFO - 23449 - azureml.train.automl._experiment_drivers.driver_utilities._create_remote_parent_run:416 - Parent Run ID: AutoML_24c154d4-6295-4f91-861d-28b07fe9b979
2021-03-26 21:53:10.024 - INFO - 23449 - azureml.train.automl._experiment_drivers.driver_utilities.start_remote_run:332 - Starting a snapshot run (snapshot_id : None)
