2021-03-10 13:22:48,758|azureml|DEBUG|Inputs:: kwargs: {'OutputCollection': True, 'EnableMLflowTracking': True, 'snapshotProject': True, 'only_in_process_features': True, 'skip_track_logs_dir': True}, track_folders: None, deny_list: None, directories_to_watch: []
2021-03-10 13:22:48,759|azureml.history._tracking.PythonWorkingDirectory|DEBUG|Execution target type: batchai
2021-03-10 13:22:48,766|azureml.history._tracking.PythonWorkingDirectory|DEBUG|Failed to import pyspark with error: No module named 'pyspark'
2021-03-10 13:22:48,766|azureml.history._tracking.PythonWorkingDirectory.workingdir|DEBUG|Pinning working directory for filesystems: ['pyfs']
2021-03-10 13:22:49,111|azureml.core.run|DEBUG|Adding new factory <function ScriptRun._from_run_dto at 0x7f436ea56400> for run source azureml.scriptrun
2021-03-10 13:22:49,112|azureml.core.run|DEBUG|Identity in use is not set. Falling back to using AMLToken
2021-03-10 13:22:49,112|azureml.core.run|DEBUG|Using AMLToken auth for remote run
2021-03-10 13:22:49,113|azureml.core.authentication.TokenRefresherDaemon|DEBUG|Starting daemon and triggering first instance
2021-03-10 13:22:49,122|azureml._restclient.clientbase|INFO|Created a worker pool for first use
2021-03-10 13:22:49,122|azureml.core.authentication|DEBUG|Time to expire 1813409.877856 seconds
2021-03-10 13:22:49,122|azureml._restclient.service_context|DEBUG|Created a static thread pool for ServiceContext class
2021-03-10 13:22:49,122|azureml._restclient.clientbase|DEBUG|ClientBase: Calling get with url None
2021-03-10 13:22:49,156|azureml._base_sdk_common.service_discovery|DEBUG|Found history service url in environment variable AZUREML_SERVICE_ENDPOINT, history service url: https://southcentralus.experiments.azureml.net.
2021-03-10 13:22:49,156|azureml._base_sdk_common.service_discovery|DEBUG|Found history service url in environment variable AZUREML_SERVICE_ENDPOINT, history service url: https://southcentralus.experiments.azureml.net.
2021-03-10 13:22:49,156|azureml._base_sdk_common.service_discovery|DEBUG|Found history service url in environment variable AZUREML_SERVICE_ENDPOINT, history service url: https://southcentralus.experiments.azureml.net.
2021-03-10 13:22:49,157|azureml._base_sdk_common.service_discovery|DEBUG|Found history service url in environment variable AZUREML_SERVICE_ENDPOINT, history service url: https://southcentralus.experiments.azureml.net.
2021-03-10 13:22:49,157|azureml._base_sdk_common.service_discovery|DEBUG|Found history service url in environment variable AZUREML_SERVICE_ENDPOINT, history service url: https://southcentralus.experiments.azureml.net.
2021-03-10 13:22:49,157|azureml._base_sdk_common.service_discovery|DEBUG|Found history service url in environment variable AZUREML_SERVICE_ENDPOINT, history service url: https://southcentralus.experiments.azureml.net.
2021-03-10 13:22:49,157|azureml._base_sdk_common.service_discovery|DEBUG|Found history service url in environment variable AZUREML_SERVICE_ENDPOINT, history service url: https://southcentralus.experiments.azureml.net.
2021-03-10 13:22:49,198|azureml._SubmittedRun#Covid19HyperDrExperiment_1615381578337.RunHistoryFacade.RunClient.get_by_exp_id-async:False|DEBUG|[START]
2021-03-10 13:22:49,199|azureml._SubmittedRun#Covid19HyperDrExperiment_1615381578337.RunHistoryFacade.RunClient|DEBUG|ClientBase: Calling get_by_exp_id with url /history/v1.0/subscriptions/{subscriptionId}/resourceGroups/{resourceGroupName}/providers/Microsoft.MachineLearningServices/workspaces/{workspaceName}/experimentids/{experimentId}/runs/{runId}
2021-03-10 13:22:49,257|azureml._SubmittedRun#Covid19HyperDrExperiment_1615381578337.RunHistoryFacade.RunClient.get_by_exp_id-async:False|DEBUG|[STOP]
2021-03-10 13:22:49,258|azureml._SubmittedRun#Covid19HyperDrExperiment_1615381578337|DEBUG|Constructing run from dto. type: azureml.scriptrun, source: None, props: {'_azureml.ComputeTargetType': 'amlcompute', 'ContentSnapshotId': '64ae7136-b5af-4106-8886-6a28ba74c4e0', 'ProcessInfoFile': 'azureml-logs/process_info.json', 'ProcessStatusFile': 'azureml-logs/process_status.json'}
2021-03-10 13:22:49,258|azureml._SubmittedRun#Covid19HyperDrExperiment_1615381578337.RunContextManager|DEBUG|Valid logs dir, setting up content loader
2021-03-10 13:22:49,259|azureml|WARNING|Could not import azureml.mlflow or azureml.contrib.mlflow mlflow APIs will not run against AzureML services.  Add azureml-mlflow as a conda dependency for the run if this behavior is desired
2021-03-10 13:22:49,259|azureml.WorkerPool|DEBUG|[START]
2021-03-10 13:22:49,259|azureml.SendRunKillSignal|DEBUG|[START]
2021-03-10 13:22:49,259|azureml.RunStatusContext|DEBUG|[START]
2021-03-10 13:22:49,259|azureml._SubmittedRun#Covid19HyperDrExperiment_1615381578337.RunContextManager.RunStatusContext|DEBUG|[START]
2021-03-10 13:22:49,259|azureml.MetricsClient|DEBUG|[START]
2021-03-10 13:22:49,259|azureml._SubmittedRun#Covid19HyperDrExperiment_1615381578337.RunHistoryFacade.MetricsClient|DEBUG|[START]
2021-03-10 13:22:49,259|azureml.WorkingDirectoryCM|DEBUG|[START]
2021-03-10 13:22:49,259|azureml.history._tracking.PythonWorkingDirectory.workingdir|DEBUG|[START]
2021-03-10 13:22:49,259|azureml.history._tracking.PythonWorkingDirectory|INFO|Current working dir: /mnt/batch/tasks/shared/LS_root/jobs/quick-starts-ws-140146/azureml/covid19hyperdrexperiment_1615381578337/mounts/workspaceblobstore/azureml/Covid19HyperDrExperiment_1615381578337
2021-03-10 13:22:49,260|azureml.history._tracking.PythonWorkingDirectory.workingdir|DEBUG|Calling pyfs
2021-03-10 13:22:49,260|azureml.history._tracking.PythonWorkingDirectory.workingdir|DEBUG|Storing working dir for pyfs as /mnt/batch/tasks/shared/LS_root/jobs/quick-starts-ws-140146/azureml/covid19hyperdrexperiment_1615381578337/mounts/workspaceblobstore/azureml/Covid19HyperDrExperiment_1615381578337
2021-03-10 13:22:50,084|azureml.history._tracking.PythonWorkingDirectory.workingdir|DEBUG|Calling pyfs
2021-03-10 13:22:50,085|azureml.history._tracking.PythonWorkingDirectory|INFO|Current working dir: /mnt/batch/tasks/shared/LS_root/jobs/quick-starts-ws-140146/azureml/covid19hyperdrexperiment_1615381578337/mounts/workspaceblobstore/azureml/Covid19HyperDrExperiment_1615381578337
2021-03-10 13:22:50,085|azureml.history._tracking.PythonWorkingDirectory.workingdir|DEBUG|Reverting working dir from /mnt/batch/tasks/shared/LS_root/jobs/quick-starts-ws-140146/azureml/covid19hyperdrexperiment_1615381578337/mounts/workspaceblobstore/azureml/Covid19HyperDrExperiment_1615381578337 to /mnt/batch/tasks/shared/LS_root/jobs/quick-starts-ws-140146/azureml/covid19hyperdrexperiment_1615381578337/mounts/workspaceblobstore/azureml/Covid19HyperDrExperiment_1615381578337
2021-03-10 13:22:50,085|azureml.history._tracking.PythonWorkingDirectory|INFO|Working dir is already updated /mnt/batch/tasks/shared/LS_root/jobs/quick-starts-ws-140146/azureml/covid19hyperdrexperiment_1615381578337/mounts/workspaceblobstore/azureml/Covid19HyperDrExperiment_1615381578337
2021-03-10 13:22:50,085|azureml.history._tracking.PythonWorkingDirectory.workingdir|DEBUG|[STOP]
2021-03-10 13:22:50,085|azureml.WorkingDirectoryCM|ERROR|<class 'ModuleNotFoundError'>: No module named 'kaggle'
<traceback object at 0x7f434ea02148>
2021-03-10 13:22:50,085|azureml.WorkingDirectoryCM|DEBUG|[STOP]
2021-03-10 13:22:50,085|azureml._SubmittedRun#Covid19HyperDrExperiment_1615381578337.RunHistoryFacade.MetricsClient.FlushingMetricsClient|DEBUG|[START]
2021-03-10 13:22:50,085|azureml._SubmittedRun#Covid19HyperDrExperiment_1615381578337.RunHistoryFacade.MetricsClient|DEBUG|Overrides: Max batch size: 50, batch cushion: 5, Interval: 1.
2021-03-10 13:22:50,085|azureml._SubmittedRun#Covid19HyperDrExperiment_1615381578337.RunHistoryFacade.MetricsClient.PostMetricsBatch.PostMetricsBatchDaemon|DEBUG|Starting daemon and triggering first instance
2021-03-10 13:22:50,086|azureml._SubmittedRun#Covid19HyperDrExperiment_1615381578337.RunHistoryFacade.MetricsClient|DEBUG|Used <class 'azureml._common.async_utils.batch_task_queue.BatchTaskQueue'> for use_batch=True.
2021-03-10 13:22:50,086|azureml._SubmittedRun#Covid19HyperDrExperiment_1615381578337.RunHistoryFacade.MetricsClient.PostMetricsBatch.WaitFlushSource:MetricsClient|DEBUG|[START]
2021-03-10 13:22:50,086|azureml._SubmittedRun#Covid19HyperDrExperiment_1615381578337.RunHistoryFacade.MetricsClient.PostMetricsBatch.WaitFlushSource:MetricsClient|DEBUG|flush timeout 120 is different from task queue timeout 120, using flush timeout
2021-03-10 13:22:50,086|azureml._SubmittedRun#Covid19HyperDrExperiment_1615381578337.RunHistoryFacade.MetricsClient.PostMetricsBatch.WaitFlushSource:MetricsClient|DEBUG|Waiting 120 seconds on tasks: [].
2021-03-10 13:22:50,086|azureml._SubmittedRun#Covid19HyperDrExperiment_1615381578337.RunHistoryFacade.MetricsClient.PostMetricsBatch|DEBUG|
2021-03-10 13:22:50,086|azureml._SubmittedRun#Covid19HyperDrExperiment_1615381578337.RunHistoryFacade.MetricsClient.PostMetricsBatch.WaitFlushSource:MetricsClient|DEBUG|[STOP]
2021-03-10 13:22:50,086|azureml._SubmittedRun#Covid19HyperDrExperiment_1615381578337.RunHistoryFacade.MetricsClient|DEBUG|Overrides: Max batch size: 50, batch cushion: 5, Interval: 1.
2021-03-10 13:22:50,086|azureml._SubmittedRun#Covid19HyperDrExperiment_1615381578337.RunHistoryFacade.MetricsClient.PostMetricsBatchV2.PostMetricsBatchV2Daemon|DEBUG|Starting daemon and triggering first instance
2021-03-10 13:22:50,086|azureml._SubmittedRun#Covid19HyperDrExperiment_1615381578337.RunHistoryFacade.MetricsClient|DEBUG|Used <class 'azureml._common.async_utils.batch_task_queue.BatchTaskQueue'> for use_batch=True.
2021-03-10 13:22:50,087|azureml._SubmittedRun#Covid19HyperDrExperiment_1615381578337.RunHistoryFacade.MetricsClient.PostMetricsBatchV2.WaitFlushSource:MetricsClient|DEBUG|[START]
2021-03-10 13:22:50,087|azureml._SubmittedRun#Covid19HyperDrExperiment_1615381578337.RunHistoryFacade.MetricsClient.PostMetricsBatchV2.WaitFlushSource:MetricsClient|DEBUG|flush timeout 120 is different from task queue timeout 120, using flush timeout
2021-03-10 13:22:50,087|azureml._SubmittedRun#Covid19HyperDrExperiment_1615381578337.RunHistoryFacade.MetricsClient.PostMetricsBatchV2.WaitFlushSource:MetricsClient|DEBUG|Waiting 120 seconds on tasks: [].
2021-03-10 13:22:50,087|azureml._SubmittedRun#Covid19HyperDrExperiment_1615381578337.RunHistoryFacade.MetricsClient.PostMetricsBatchV2|DEBUG|
2021-03-10 13:22:50,087|azureml._SubmittedRun#Covid19HyperDrExperiment_1615381578337.RunHistoryFacade.MetricsClient.PostMetricsBatchV2.WaitFlushSource:MetricsClient|DEBUG|[STOP]
2021-03-10 13:22:50,087|azureml._SubmittedRun#Covid19HyperDrExperiment_1615381578337.RunHistoryFacade.MetricsClient.FlushingMetricsClient|DEBUG|[STOP]
2021-03-10 13:22:50,087|azureml._SubmittedRun#Covid19HyperDrExperiment_1615381578337.RunHistoryFacade.MetricsClient.wait_on_ingest-async:False|DEBUG|[START]
2021-03-10 13:22:50,087|azureml._SubmittedRun#Covid19HyperDrExperiment_1615381578337.RunHistoryFacade.MetricsClient|DEBUG|ClientBase: Calling wait_on_ingest with url /history/v1.0/subscriptions/{subscriptionId}/resourceGroups/{resourceGroupName}/providers/Microsoft.MachineLearningServices/workspaces/{workspaceName}/experiments/{experimentName}/runs/{runId}/metricsingest/wait
2021-03-10 13:22:50,150|azureml._SubmittedRun#Covid19HyperDrExperiment_1615381578337.RunHistoryFacade.MetricsClient.wait_on_ingest-async:False|DEBUG|[STOP]
2021-03-10 13:22:50,151|azureml._SubmittedRun#Covid19HyperDrExperiment_1615381578337.RunHistoryFacade.MetricsClient|DEBUG|[STOP]
2021-03-10 13:22:50,151|azureml.MetricsClient|ERROR|<class 'ModuleNotFoundError'>: No module named 'kaggle'
<traceback object at 0x7f434ea02148>
2021-03-10 13:22:50,151|azureml.MetricsClient|DEBUG|[STOP]
2021-03-10 13:22:50,151|azureml.RunStatusContext|ERROR|<class 'ModuleNotFoundError'>: No module named 'kaggle'
<traceback object at 0x7f434ea02148>
2021-03-10 13:22:50,151|azureml.RunStatusContext|DEBUG|[STOP]
2021-03-10 13:22:50,152|azureml._SubmittedRun#Covid19HyperDrExperiment_1615381578337.RunHistoryFacade.MetricsClient.FlushingMetricsClient|DEBUG|[START]
2021-03-10 13:22:50,152|azureml._SubmittedRun#Covid19HyperDrExperiment_1615381578337.RunHistoryFacade.MetricsClient.PostMetricsBatch.WaitFlushSource:MetricsClient|DEBUG|[START]
2021-03-10 13:22:50,152|azureml._SubmittedRun#Covid19HyperDrExperiment_1615381578337.RunHistoryFacade.MetricsClient.PostMetricsBatch.WaitFlushSource:MetricsClient|DEBUG|flush timeout 900.0 is different from task queue timeout 120, using flush timeout
2021-03-10 13:22:50,152|azureml._SubmittedRun#Covid19HyperDrExperiment_1615381578337.RunHistoryFacade.MetricsClient.PostMetricsBatch.WaitFlushSource:MetricsClient|DEBUG|Waiting 900.0 seconds on tasks: [].
2021-03-10 13:22:50,152|azureml._SubmittedRun#Covid19HyperDrExperiment_1615381578337.RunHistoryFacade.MetricsClient.PostMetricsBatch|DEBUG|
2021-03-10 13:22:50,152|azureml._SubmittedRun#Covid19HyperDrExperiment_1615381578337.RunHistoryFacade.MetricsClient.PostMetricsBatch.WaitFlushSource:MetricsClient|DEBUG|[STOP]
2021-03-10 13:22:50,152|azureml._SubmittedRun#Covid19HyperDrExperiment_1615381578337.RunHistoryFacade.MetricsClient.PostMetricsBatchV2.WaitFlushSource:MetricsClient|DEBUG|[START]
2021-03-10 13:22:50,152|azureml._SubmittedRun#Covid19HyperDrExperiment_1615381578337.RunHistoryFacade.MetricsClient.PostMetricsBatchV2.WaitFlushSource:MetricsClient|DEBUG|flush timeout 900.0 is different from task queue timeout 120, using flush timeout
2021-03-10 13:22:50,152|azureml._SubmittedRun#Covid19HyperDrExperiment_1615381578337.RunHistoryFacade.MetricsClient.PostMetricsBatchV2.WaitFlushSource:MetricsClient|DEBUG|Waiting 900.0 seconds on tasks: [].
2021-03-10 13:22:50,152|azureml._SubmittedRun#Covid19HyperDrExperiment_1615381578337.RunHistoryFacade.MetricsClient.PostMetricsBatchV2|DEBUG|
2021-03-10 13:22:50,152|azureml._SubmittedRun#Covid19HyperDrExperiment_1615381578337.RunHistoryFacade.MetricsClient.PostMetricsBatchV2.WaitFlushSource:MetricsClient|DEBUG|[STOP]
2021-03-10 13:22:50,153|azureml._SubmittedRun#Covid19HyperDrExperiment_1615381578337.RunHistoryFacade.MetricsClient.FlushingMetricsClient|DEBUG|[STOP]
2021-03-10 13:22:50,153|azureml._SubmittedRun#Covid19HyperDrExperiment_1615381578337.RunHistoryFacade.MetricsClient.wait_on_ingest-async:False|DEBUG|[START]
2021-03-10 13:22:50,153|azureml._SubmittedRun#Covid19HyperDrExperiment_1615381578337.RunHistoryFacade.MetricsClient|DEBUG|ClientBase: Calling wait_on_ingest with url /history/v1.0/subscriptions/{subscriptionId}/resourceGroups/{resourceGroupName}/providers/Microsoft.MachineLearningServices/workspaces/{workspaceName}/experiments/{experimentName}/runs/{runId}/metricsingest/wait
2021-03-10 13:22:50,210|azureml._SubmittedRun#Covid19HyperDrExperiment_1615381578337.RunHistoryFacade.MetricsClient.wait_on_ingest-async:False|DEBUG|[STOP]
2021-03-10 13:22:50,210|azureml.SendRunKillSignal|ERROR|<class 'ModuleNotFoundError'>: No module named 'kaggle'
<traceback object at 0x7f434ea02148>
2021-03-10 13:22:50,210|azureml.SendRunKillSignal|DEBUG|[STOP]
2021-03-10 13:22:50,210|azureml.HistoryTrackingWorkerPool.WorkerPoolShutdown|DEBUG|[START]
2021-03-10 13:22:50,210|azureml.HistoryTrackingWorkerPool.WorkerPoolShutdown|DEBUG|[STOP]
2021-03-10 13:22:50,211|azureml.WorkerPool|ERROR|<class 'ModuleNotFoundError'>: No module named 'kaggle'
<traceback object at 0x7f434ea02148>
2021-03-10 13:22:50,211|azureml.WorkerPool|DEBUG|[STOP]
