2021-03-23 11:49:58.309 - INFO - 30600 - azureml.train.automl._experiment_drivers.driver_utilities.modify_run_configuration:199 - Package azureml-train-automl missing from dependencies file.
2021-03-23 11:49:58.309 - INFO - 30600 - azureml.train.automl._experiment_drivers.driver_utilities.modify_run_configuration:205 - Using pinned version: azureml-train-automl==1.24.0.*
2021-03-23 11:49:58.310 - INFO - 30600 - azureml.train.automl._experiment_drivers.driver_utilities.modify_run_configuration:199 - Package pandas missing from dependencies file.
2021-03-23 11:49:58.310 - INFO - 30600 - azureml.train.automl._experiment_drivers.driver_utilities.modify_run_configuration:205 - Using pinned version: pandas==0.25.1
2021-03-23 11:49:58.310 - INFO - 30600 - azureml.train.automl._experiment_drivers.driver_utilities.modify_run_configuration:199 - Package psutil missing from dependencies file.
2021-03-23 11:49:58.310 - INFO - 30600 - azureml.train.automl._experiment_drivers.driver_utilities.modify_run_configuration:205 - Using pinned version: psutil>5.0.0,<6.0.0
2021-03-23 11:49:58.311 - INFO - 30600 - azureml.train.automl._experiment_drivers.driver_utilities.modify_run_configuration:199 - Package scikit-learn missing from dependencies file.
2021-03-23 11:49:58.311 - INFO - 30600 - azureml.train.automl._experiment_drivers.driver_utilities.modify_run_configuration:205 - Using pinned version: scikit-learn==0.22.1
2021-03-23 11:49:58.311 - INFO - 30600 - azureml.train.automl._experiment_drivers.driver_utilities.modify_run_configuration:199 - Package numpy missing from dependencies file.
2021-03-23 11:49:58.311 - INFO - 30600 - azureml.train.automl._experiment_drivers.driver_utilities.modify_run_configuration:205 - Using pinned version: numpy~=1.18.0
2021-03-23 11:49:58.312 - INFO - 30600 - azureml.train.automl._experiment_drivers.driver_utilities.modify_run_configuration:199 - Package py-xgboost missing from dependencies file.
2021-03-23 11:49:58.312 - INFO - 30600 - azureml.train.automl._experiment_drivers.driver_utilities.modify_run_configuration:205 - Using pinned version: py-xgboost<=0.90
2021-03-23 11:49:58.312 - INFO - 30600 - azureml.train.automl._experiment_drivers.driver_utilities.modify_run_configuration:199 - Package inference-schema missing from dependencies file.
2021-03-23 11:49:58.313 - INFO - 30600 - azureml.train.automl._experiment_drivers.driver_utilities.modify_run_configuration:199 - Package fbprophet missing from dependencies file.
2021-03-23 11:49:58.313 - INFO - 30600 - azureml.train.automl._experiment_drivers.driver_utilities.modify_run_configuration:205 - Using pinned version: fbprophet==0.5
2021-03-23 11:49:58.313 - INFO - 30600 - azureml.train.automl._experiment_drivers.driver_utilities.modify_run_configuration:199 - Package setuptools-git missing from dependencies file.
2021-03-23 11:49:58.313 - INFO - 30600 - azureml.train.automl._experiment_drivers.driver_utilities.modify_run_configuration:209 - Using installed version: setuptools-git==1.2
2021-03-23 11:49:58.341 - INFO - 30600 - azureml.train.automl._experiment_drivers.driver_utilities.validate_input:105 - Start data validation.
2021-03-23 11:50:04.428 - INFO - 30600 - azureml.train.automl._experiment_drivers.driver_utilities.validate_input:118 - Validation service found the data has no errors.
2021-03-23 11:50:04.429 - INFO - 30600 - azureml.train.automl._experiment_drivers.driver_utilities._create_remote_parent_run:371 - Start creating parent run.
2021-03-23 11:50:04.831 - INFO - 30600 - azureml.train.automl._experiment_drivers.driver_utilities._create_remote_parent_run:391 - [ParentRunID:AutoML_2ada2add-c641-416f-962c-002548ae3999] Remote run using input X and y.
2021-03-23 11:50:05.054 - INFO - 30600 - azureml.train.automl._experiment_drivers.driver_utilities._create_remote_parent_run:411 - Parent Run ID: AutoML_2ada2add-c641-416f-962c-002548ae3999
2021-03-23 11:50:05.055 - INFO - 30600 - azureml.train.automl._experiment_drivers.driver_utilities.start_remote_run:326 - Starting a snapshot run (snapshot_id : None)
2021-03-23 13:34:42.256 - INFO - 30600 - azureml.train.automl._experiment_drivers.driver_utilities.modify_run_configuration:199 - Package azureml-train-automl missing from dependencies file.
2021-03-23 13:34:42.294 - INFO - 30600 - azureml.train.automl._experiment_drivers.driver_utilities.modify_run_configuration:205 - Using pinned version: azureml-train-automl==1.24.0.*
2021-03-23 13:34:42.295 - INFO - 30600 - azureml.train.automl._experiment_drivers.driver_utilities.modify_run_configuration:199 - Package pandas missing from dependencies file.
2021-03-23 13:34:42.295 - INFO - 30600 - azureml.train.automl._experiment_drivers.driver_utilities.modify_run_configuration:205 - Using pinned version: pandas==0.25.1
2021-03-23 13:34:42.295 - INFO - 30600 - azureml.train.automl._experiment_drivers.driver_utilities.modify_run_configuration:199 - Package psutil missing from dependencies file.
2021-03-23 13:34:42.296 - INFO - 30600 - azureml.train.automl._experiment_drivers.driver_utilities.modify_run_configuration:205 - Using pinned version: psutil>5.0.0,<6.0.0
2021-03-23 13:34:42.296 - INFO - 30600 - azureml.train.automl._experiment_drivers.driver_utilities.modify_run_configuration:199 - Package scikit-learn missing from dependencies file.
2021-03-23 13:34:42.296 - INFO - 30600 - azureml.train.automl._experiment_drivers.driver_utilities.modify_run_configuration:205 - Using pinned version: scikit-learn==0.22.1
2021-03-23 13:34:42.296 - INFO - 30600 - azureml.train.automl._experiment_drivers.driver_utilities.modify_run_configuration:199 - Package numpy missing from dependencies file.
2021-03-23 13:34:42.296 - INFO - 30600 - azureml.train.automl._experiment_drivers.driver_utilities.modify_run_configuration:205 - Using pinned version: numpy~=1.18.0
2021-03-23 13:34:42.297 - INFO - 30600 - azureml.train.automl._experiment_drivers.driver_utilities.modify_run_configuration:199 - Package py-xgboost missing from dependencies file.
2021-03-23 13:34:42.297 - INFO - 30600 - azureml.train.automl._experiment_drivers.driver_utilities.modify_run_configuration:205 - Using pinned version: py-xgboost<=0.90
2021-03-23 13:34:42.297 - INFO - 30600 - azureml.train.automl._experiment_drivers.driver_utilities.modify_run_configuration:199 - Package inference-schema missing from dependencies file.
2021-03-23 13:34:42.298 - INFO - 30600 - azureml.train.automl._experiment_drivers.driver_utilities.modify_run_configuration:199 - Package fbprophet missing from dependencies file.
2021-03-23 13:34:42.298 - INFO - 30600 - azureml.train.automl._experiment_drivers.driver_utilities.modify_run_configuration:205 - Using pinned version: fbprophet==0.5
2021-03-23 13:34:42.298 - INFO - 30600 - azureml.train.automl._experiment_drivers.driver_utilities.modify_run_configuration:199 - Package setuptools-git missing from dependencies file.
2021-03-23 13:34:42.299 - INFO - 30600 - azureml.train.automl._experiment_drivers.driver_utilities.modify_run_configuration:209 - Using installed version: setuptools-git==1.2
2021-03-23 13:34:42.334 - INFO - 30600 - azureml.train.automl._experiment_drivers.driver_utilities.validate_input:105 - Start data validation.
2021-03-23 13:34:51.009 - CRITICAL - 30600 - azureml.train.automl._experiment_drivers.driver_utilities.log_traceback:224 - Type: ExecutionFailure
Class: ValidationException
Message: ValidationException:
	Message: Failed to execute the requested operation: data/settings validation. Error details: Validation error(s): [{
    "additional_properties": {
        "debugInfo": null
    },
    "code": "UserError",
    "severity": 2,
    "message": "Y is empty",
    "message_format": "{dataName} is empty",
    "message_parameters": {
        "dataName": "Y"
    },
    "reference_code": null,
    "details_uri": null,
    "target": "training_data",
    "details": [
        {
            "additional_properties": {
                "debugInfo": null
            },
            "code": null,
            "severity": null,
            "message": "null",
            "message_format": null,
            "message_parameters": {},
            "reference_code": null,
            "details_uri": null,
            "target": null,
            "details": [],
            "inner_error": null
        }
    ],
    "inner_error": {
        "additional_properties": {},
        "code": "BadData",
        "inner_error": {
            "additional_properties": {},
            "code": "EmptyData",
            "inner_error": null
        }
    }
}]
	InnerException: None
	ErrorResponse 
{
    "error": {
        "code": "UserError",
        "message": "Failed to execute the requested operation: data/settings validation. Error details: Validation error(s): [{\n    \"additional_properties\": {\n        \"debugInfo\": null\n    },\n    \"code\": \"UserError\",\n    \"severity\": 2,\n    \"message\": \"Y is empty\",\n    \"message_format\": \"{dataName} is empty\",\n    \"message_parameters\": {\n        \"dataName\": \"Y\"\n    },\n    \"reference_code\": null,\n    \"details_uri\": null,\n    \"target\": \"training_data\",\n    \"details\": [\n        {\n            \"additional_properties\": {\n                \"debugInfo\": null\n            },\n            \"code\": null,\n            \"severity\": null,\n            \"message\": \"null\",\n            \"message_format\": null,\n            \"message_parameters\": {},\n            \"reference_code\": null,\n            \"details_uri\": null,\n            \"target\": null,\n            \"details\": [],\n            \"inner_error\": null\n        }\n    ],\n    \"inner_error\": {\n        \"additional_properties\": {},\n        \"code\": \"BadData\",\n        \"inner_error\": {\n            \"additional_properties\": {},\n            \"code\": \"EmptyData\",\n            \"inner_error\": null\n        }\n    }\n}]",
        "inner_error": {
            "code": "ExecutionFailure"
        }
    }
}
Traceback:
  File "experiment_driver.py", line 213, in start
    kwargs=kwargs
  File "remote_experiment_launcher.py", line 79, in start
    validation_data=validation_data, test_data=test_data)
  File "driver_utilities.py", line 310, in start_remote_run
    training_data=training_data, validation_data=validation_data, test_data=test_data)
  File "driver_utilities.py", line 367, in _create_remote_parent_run
    test_data=test_data,
  File "driver_utilities.py", line 99, in create_and_validate_parent_run_dto
    validate_input(experiment_state, parent_run_dto)
  File "driver_utilities.py", line 138, in validate_input
    ExecutionFailure, operation_name="data/settings validation", error_details=msg)

ExceptionTarget: Unspecified
2021-03-23 13:34:51.009 - INFO - 30600 - azureml.train.automl._experiment_drivers.driver_utilities.fail_parent_run:245 - No parent run to fail
2021-03-23 18:46:33.575 - INFO - 19448 - azureml.train.automl._experiment_drivers.driver_utilities.modify_run_configuration:199 - Package azureml-train-automl missing from dependencies file.
2021-03-23 18:46:33.598 - INFO - 19448 - azureml.train.automl._experiment_drivers.driver_utilities.modify_run_configuration:205 - Using pinned version: azureml-train-automl==1.24.0.*
2021-03-23 18:46:33.638 - INFO - 19448 - azureml.train.automl._experiment_drivers.driver_utilities.modify_run_configuration:199 - Package pandas missing from dependencies file.
2021-03-23 18:46:33.644 - INFO - 19448 - azureml.train.automl._experiment_drivers.driver_utilities.modify_run_configuration:205 - Using pinned version: pandas==0.25.1
2021-03-23 18:46:33.650 - INFO - 19448 - azureml.train.automl._experiment_drivers.driver_utilities.modify_run_configuration:199 - Package psutil missing from dependencies file.
2021-03-23 18:46:33.665 - INFO - 19448 - azureml.train.automl._experiment_drivers.driver_utilities.modify_run_configuration:205 - Using pinned version: psutil>5.0.0,<6.0.0
2021-03-23 18:46:33.671 - INFO - 19448 - azureml.train.automl._experiment_drivers.driver_utilities.modify_run_configuration:199 - Package scikit-learn missing from dependencies file.
2021-03-23 18:46:33.677 - INFO - 19448 - azureml.train.automl._experiment_drivers.driver_utilities.modify_run_configuration:205 - Using pinned version: scikit-learn==0.22.1
2021-03-23 18:46:33.683 - INFO - 19448 - azureml.train.automl._experiment_drivers.driver_utilities.modify_run_configuration:199 - Package numpy missing from dependencies file.
2021-03-23 18:46:33.690 - INFO - 19448 - azureml.train.automl._experiment_drivers.driver_utilities.modify_run_configuration:205 - Using pinned version: numpy~=1.18.0
2021-03-23 18:46:33.690 - INFO - 19448 - azureml.train.automl._experiment_drivers.driver_utilities.modify_run_configuration:199 - Package py-xgboost missing from dependencies file.
2021-03-23 18:46:33.691 - INFO - 19448 - azureml.train.automl._experiment_drivers.driver_utilities.modify_run_configuration:205 - Using pinned version: py-xgboost<=0.90
2021-03-23 18:46:33.691 - INFO - 19448 - azureml.train.automl._experiment_drivers.driver_utilities.modify_run_configuration:199 - Package inference-schema missing from dependencies file.
2021-03-23 18:46:33.692 - INFO - 19448 - azureml.train.automl._experiment_drivers.driver_utilities.modify_run_configuration:199 - Package fbprophet missing from dependencies file.
2021-03-23 18:46:33.692 - INFO - 19448 - azureml.train.automl._experiment_drivers.driver_utilities.modify_run_configuration:205 - Using pinned version: fbprophet==0.5
2021-03-23 18:46:33.692 - INFO - 19448 - azureml.train.automl._experiment_drivers.driver_utilities.modify_run_configuration:199 - Package setuptools-git missing from dependencies file.
2021-03-23 18:46:33.692 - INFO - 19448 - azureml.train.automl._experiment_drivers.driver_utilities.modify_run_configuration:209 - Using installed version: setuptools-git==1.2
2021-03-23 18:46:33.714 - INFO - 19448 - azureml.train.automl._experiment_drivers.driver_utilities.validate_input:105 - Start data validation.
2021-03-23 18:46:39.632 - INFO - 19448 - azureml.train.automl._experiment_drivers.driver_utilities.validate_input:118 - Validation service found the data has no errors.
2021-03-23 18:46:39.634 - INFO - 19448 - azureml.train.automl._experiment_drivers.driver_utilities._create_remote_parent_run:371 - Start creating parent run.
2021-03-23 18:46:40.702 - INFO - 19448 - azureml.train.automl._experiment_drivers.driver_utilities._create_remote_parent_run:391 - [ParentRunID:AutoML_fb268cdc-cead-443f-8d41-63f994262e0c] Remote run using input X and y.
2021-03-23 18:46:40.881 - INFO - 19448 - azureml.train.automl._experiment_drivers.driver_utilities._create_remote_parent_run:411 - Parent Run ID: AutoML_fb268cdc-cead-443f-8d41-63f994262e0c
2021-03-23 18:46:40.882 - INFO - 19448 - azureml.train.automl._experiment_drivers.driver_utilities.start_remote_run:326 - Starting a snapshot run (snapshot_id : None)
