2021-03-23 20:18:54,665|azureml|DEBUG|Execute Job Release Inputs:: kwargs: {'disable_output_upload': True}, track_folders: None, deny_list: None, directories_to_watch: []
2021-03-23 20:18:54,666|azureml.history._tracking.PythonWorkingDirectory|DEBUG|Execution target type: batchai
2021-03-23 20:18:54,666|azureml.history._tracking.PythonWorkingDirectory|DEBUG|Failed to import pyspark with error: No module named 'pyspark'
2021-03-23 20:18:54,666|azureml.history._tracking.PythonWorkingDirectory.workingdir|DEBUG|Pinning working directory for filesystems: ['pyfs']
2021-03-23 20:18:54,667|azureml.core.run|DEBUG|Identity in use is not set. Falling back to using AMLToken
2021-03-23 20:18:54,667|azureml.core.run|DEBUG|Using AMLToken auth for remote run
2021-03-23 20:18:54,668|azureml.core.authentication.TokenRefresherDaemon|DEBUG|Starting daemon and triggering first instance
2021-03-23 20:18:54,676|azureml._restclient.clientbase|INFO|Created a worker pool for first use
2021-03-23 20:18:54,676|azureml.core.authentication|DEBUG|Time to expire 1813918.323203 seconds
2021-03-23 20:18:54,676|azureml._restclient.service_context|DEBUG|Created a static thread pool for ServiceContext class
2021-03-23 20:18:54,677|azureml._base_sdk_common.service_discovery|DEBUG|Found history service url in environment variable AZUREML_SERVICE_ENDPOINT, history service url: https://eastus2.experiments.azureml.net.
2021-03-23 20:18:54,677|azureml._base_sdk_common.service_discovery|DEBUG|Found history service url in environment variable AZUREML_SERVICE_ENDPOINT, history service url: https://eastus2.experiments.azureml.net.
2021-03-23 20:18:54,677|azureml._base_sdk_common.service_discovery|DEBUG|Found history service url in environment variable AZUREML_SERVICE_ENDPOINT, history service url: https://eastus2.experiments.azureml.net.
2021-03-23 20:18:54,677|azureml._base_sdk_common.service_discovery|DEBUG|Found history service url in environment variable AZUREML_SERVICE_ENDPOINT, history service url: https://eastus2.experiments.azureml.net.
2021-03-23 20:18:54,677|azureml._base_sdk_common.service_discovery|DEBUG|Found history service url in environment variable AZUREML_SERVICE_ENDPOINT, history service url: https://eastus2.experiments.azureml.net.
2021-03-23 20:18:54,678|azureml._base_sdk_common.service_discovery|DEBUG|Found history service url in environment variable AZUREML_SERVICE_ENDPOINT, history service url: https://eastus2.experiments.azureml.net.
2021-03-23 20:18:54,678|azureml._base_sdk_common.service_discovery|DEBUG|Found history service url in environment variable AZUREML_SERVICE_ENDPOINT, history service url: https://eastus2.experiments.azureml.net.
2021-03-23 20:18:54,712|azureml._SubmittedRun#AutoML_fb268cdc-cead-443f-8d41-63f994262e0c_22.RunHistoryFacade.RunClient.get_by_exp_id-async:False|DEBUG|[START]
2021-03-23 20:18:54,712|azureml._SubmittedRun#AutoML_fb268cdc-cead-443f-8d41-63f994262e0c_22.RunHistoryFacade.RunClient|DEBUG|ClientBase: Calling get_by_exp_id with url /history/v1.0/subscriptions/{subscriptionId}/resourceGroups/{resourceGroupName}/providers/Microsoft.MachineLearningServices/workspaces/{workspaceName}/experimentids/{experimentId}/runs/{runId}
2021-03-23 20:18:54,780|azureml._SubmittedRun#AutoML_fb268cdc-cead-443f-8d41-63f994262e0c_22.RunHistoryFacade.RunClient.get_by_exp_id-async:False|DEBUG|[STOP]
2021-03-23 20:18:54,781|azureml._SubmittedRun#AutoML_fb268cdc-cead-443f-8d41-63f994262e0c_22|DEBUG|Constructing run from dto. type: azureml.scriptrun, source: None, props: {'runTemplate': 'automl_child', 'pipeline_id': '__AutoML_Ensemble__', 'pipeline_spec': '{"pipeline_id":"__AutoML_Ensemble__","objects":[{"module":"azureml.train.automl.ensemble","class_name":"Ensemble","spec_class":"sklearn","param_args":[],"param_kwargs":{"automl_settings":"{\'task_type\':\'classification\',\'primary_metric\':\'accuracy\',\'verbosity\':20,\'ensemble_iterations\':15,\'is_timeseries\':False,\'name\':\'Covid19VaccinationExperiment\',\'compute_target\':\'Covid19Cluster\',\'subscription_id\':\'c04b3d3f-4994-454d-96ff-aa3f2050b57f\',\'region\':\'eastus2\',\'spark_service\':None}","ensemble_run_id":"AutoML_fb268cdc-cead-443f-8d41-63f994262e0c_22","experiment_name":"Covid19VaccinationExperiment","workspace_name":"wsptest","subscription_id":"c04b3d3f-4994-454d-96ff-aa3f2050b57f","resource_group_name":"testingmlfunctionnalities"}}]}', 'training_percent': '100', 'predicted_cost': None, 'iteration': '22', '_aml_system_scenario_identification': 'Remote.Child', '_azureml.ComputeTargetType': 'amlcompute', 'ContentSnapshotId': '6e01eaae-9607-4c3e-b196-b420dc236988', 'ProcessInfoFile': 'azureml-logs/process_info.json', 'ProcessStatusFile': 'azureml-logs/process_status.json', 'run_template': 'automl_child', 'run_preprocessor': '', 'run_algorithm': 'VotingEnsemble', 'model_output_path': 'outputs/model.pkl', 'conda_env_data_location': 'aml://artifact/ExperimentRun/dcid.AutoML_fb268cdc-cead-443f-8d41-63f994262e0c_22/outputs/conda_env_v_1_0_0.yml', 'model_data_location': 'aml://artifact/ExperimentRun/dcid.AutoML_fb268cdc-cead-443f-8d41-63f994262e0c_22/outputs/model.pkl', 'model_size_on_disk': '1861707', 'scoring_data_location': 'aml://artifact/ExperimentRun/dcid.AutoML_fb268cdc-cead-443f-8d41-63f994262e0c_22/outputs/scoring_file_v_1_0_0.py', 'model_exp_support': 'True', 'pipeline_graph_version': '1.0.0', 'model_name': 'AutoMLfb268cdcc22', 'staticProperties': '{}', 'score': '0.9991386299525022', 'score_table': 'NaN', 'run_properties': "classification_labels=None,\n                              estimators=[('0',\n                                           Pipeline(memory=None,\n                                                    steps=[('maxabsscaler',\n                                                            MaxAbsScaler(copy=True", 'pipeline_script': '{"pipeline_id":"__AutoML_Ensemble__","objects":[{"module":"azureml.train.automl.ensemble","class_name":"Ensemble","spec_class":"sklearn","param_args":[],"param_kwargs":{"automl_settings":"{\'task_type\':\'classification\',\'primary_metric\':\'accuracy\',\'verbosity\':20,\'ensemble_iterations\':15,\'is_timeseries\':False,\'name\':\'Covid19VaccinationExperiment\',\'compute_target\':\'Covid19Cluster\',\'subscription_id\':\'c04b3d3f-4994-454d-96ff-aa3f2050b57f\',\'region\':\'eastus2\',\'spark_service\':None}","ensemble_run_id":"AutoML_fb268cdc-cead-443f-8d41-63f994262e0c_22","experiment_name":"Covid19VaccinationExperiment","workspace_name":"wsptest","subscription_id":"c04b3d3f-4994-454d-96ff-aa3f2050b57f","resource_group_name":"testingmlfunctionnalities"}}]}', 'training_type': 'MeanCrossValidation', 'num_classes': '', 'framework': 'sklearn', 'fit_time': '99', 'goal': 'accuracy_max', 'class_labels': '', 'primary_metric': 'accuracy', 'errors': '{}', 'onnx_model_resource': '{}', 'error_code': '', 'failure_reason': '', 'feature_skus': 'automatedml_sdk_guardrails', 'dependencies_versions': '{"azureml-train-automl-runtime": "1.24.0", "azureml-train-automl-client": "1.24.0", "azureml-telemetry": "1.24.0", "azureml-pipeline-core": "1.24.0", "azureml-model-management-sdk": "1.0.1b6.post1", "azureml-mlflow": "1.24.0", "azureml-interpret": "1.24.0", "azureml-defaults": "1.24.0", "azureml-dataset-runtime": "1.24.0", "azureml-dataprep": "2.11.2", "azureml-dataprep-rslex": "1.9.1", "azureml-dataprep-native": "30.0.0", "azureml-core": "1.24.0.post1", "azureml-automl-runtime": "1.24.0", "azureml-automl-core": "1.24.0"}', 'num_cores': '2', 'num_logical_cores': '2', 'peak_memory_usage': '1173960', 'vm_configuration': 'Intel(R) Xeon(R) Platinum 8171M CPU @ 2.60GHz', 'core_hours': '0.008938343888888887'}
2021-03-23 20:18:54,781|azureml._SubmittedRun#AutoML_fb268cdc-cead-443f-8d41-63f994262e0c_22.RunContextManager|DEBUG|Valid logs dir, setting up content loader
2021-03-23 20:18:54,781|azureml.WorkerPool|DEBUG|[START]
2021-03-23 20:18:54,781|azureml.TrackFolders|DEBUG|[START]
2021-03-23 20:18:54,781|azureml|DEBUG|Executing history release.
2021-03-23 20:18:54,781|azureml.history._tracking.PythonWorkingDirectory.workingdir|DEBUG|Uploading tracked directories: [], excluding ['azureml-logs/driver_log']
2021-03-23 20:18:54,781|azureml.history._tracking.PythonWorkingDirectory.workingdir|DEBUG|Calling track for pyfs
2021-03-23 20:18:54,781|azureml.TrackFolders|DEBUG|[STOP]
2021-03-23 20:18:54,781|azureml.HistoryTrackingWorkerPool.WorkerPoolShutdown|DEBUG|[START]
2021-03-23 20:18:54,781|azureml.HistoryTrackingWorkerPool.WorkerPoolShutdown|DEBUG|[STOP]
2021-03-23 20:18:54,782|azureml.WorkerPool|DEBUG|[STOP]
